\BOOKMARK [0][-]{chapter.1}{Contextualiza\347\343o}{}% 1
\BOOKMARK [1][-]{section.1.1}{Ambiente Spyder}{chapter.1}% 2
\BOOKMARK [0][-]{chapter.2}{Colocando a m\343o na massa}{}% 3
\BOOKMARK [1][-]{section.2.1}{Compreens\343o e Visualiza\347\343o dos Dados}{chapter.2}% 4
\BOOKMARK [2][-]{subsection.2.1.1}{Importando as bibliotecas}{section.2.1}% 5
\BOOKMARK [2][-]{subsection.2.1.2}{Definindo fun\347\365es auxiliares}{section.2.1}% 6
\BOOKMARK [2][-]{subsection.2.1.3}{Carregando dados}{section.2.1}% 7
\BOOKMARK [2][-]{subsection.2.1.4}{Visualiza\347\343o de vari\341veis num\351ricas}{section.2.1}% 8
\BOOKMARK [3][-]{lstnumber.-4.10}{Exerc\355cio 1: Investigando as taxas de sobreviv\352ncia}{subsection.2.1.4}% 9
\BOOKMARK [2][-]{subsection.2.1.5}{Visualiza\347\343o de vari\341veis categ\363ricas}{section.2.1}% 10
\BOOKMARK [1][-]{section.2.2}{Prepara\347\343o dos Dados}{chapter.2}% 11
\BOOKMARK [2][-]{subsection.2.2.1}{Vari\341veis ausentes}{section.2.2}% 12
\BOOKMARK [1][-]{section.2.3}{Engenharia de Caracter\355sticas/Recursos - Cria\347\343o de novas vari\341veis}{chapter.2}% 13
\BOOKMARK [2][-]{subsection.2.3.1}{T\355tulos dos nomes dos passageiros}{section.2.3}% 14
\BOOKMARK [2][-]{subsection.2.3.2}{Informa\347\343o na categoria das cabines}{section.2.3}% 15
\BOOKMARK [2][-]{subsection.2.3.3}{O que \351 a classe do ticket?}{section.2.3}% 16
\BOOKMARK [2][-]{subsection.2.3.4}{Tamanho e tipo de fam\355lia}{section.2.3}% 17
\BOOKMARK [1][-]{section.2.4}{Criando da base de dados do modelo final}{chapter.2}% 18
\BOOKMARK [1][-]{section.2.5}{Modelagem}{chapter.2}% 19
\BOOKMARK [2][-]{subsection.2.5.1}{Sele\347\343o do Modelo, Treinamento e Avalia\347\343o}{section.2.5}% 20
\BOOKMARK [2][-]{subsection.2.5.2}{M\351trica}{section.2.5}% 21
\BOOKMARK [2][-]{subsection.2.5.3}{Teste e submiss\343o dos resultados}{section.2.5}% 22
\BOOKMARK [0][-]{chapter.3}{Considera\347\365es Finais}{}% 23
